<?xml version="1.0" encoding="UTF-8"?>
<coverage generated="1737472154157" clover="3.2.0">
  <project timestamp="1737472154157" name="All files">
    <metrics statements="28" coveredstatements="28" conditionals="4" coveredconditionals="4" methods="8" coveredmethods="8" elements="40" coveredelements="40" complexity="0" loc="28" ncloc="28" packages="1" files="3" classes="3"/>
    <file name="hebrewToEnglishFunction.js" path="/Users/caillouleigh-smith/Desktop/apis/mitzvot/util/hebrewToEnglishFunction.js">
      <metrics statements="7" coveredstatements="7" conditionals="4" coveredconditionals="4" methods="1" coveredmethods="1"/>
      <line num="1" count="1" type="stmt"/>
      <line num="2" count="1" type="stmt"/>
      <line num="5" count="1" type="stmt"/>
      <line num="7" count="2" type="cond" truecount="4" falsecount="0"/>
      <line num="8" count="1" type="stmt"/>
      <line num="10" count="1" type="stmt"/>
      <line num="13" count="1" type="stmt"/>
    </file>
    <file name="tanakhUtilFunction.js" path="/Users/caillouleigh-smith/Desktop/apis/mitzvot/util/tanakhUtilFunction.js">
      <metrics statements="17" coveredstatements="17" conditionals="0" coveredconditionals="0" methods="6" coveredmethods="6"/>
      <line num="1" count="1" type="stmt"/>
      <line num="4" count="1" type="stmt"/>
      <line num="8" count="3" type="stmt"/>
      <line num="13" count="1" type="stmt"/>
      <line num="14" count="1" type="stmt"/>
      <line num="15" count="1" type="stmt"/>
      <line num="20" count="1" type="stmt"/>
      <line num="21" count="1" type="stmt"/>
      <line num="22" count="1" type="stmt"/>
      <line num="27" count="1" type="stmt"/>
      <line num="28" count="1" type="stmt"/>
      <line num="33" count="1" type="stmt"/>
      <line num="34" count="1" type="stmt"/>
      <line num="35" count="1" type="stmt"/>
      <line num="36" count="12" type="stmt"/>
      <line num="37" count="1" type="stmt"/>
      <line num="44" count="1" type="stmt"/>
    </file>
    <file name="trimMarkdownFunction.js" path="/Users/caillouleigh-smith/Desktop/apis/mitzvot/util/trimMarkdownFunction.js">
      <metrics statements="4" coveredstatements="4" conditionals="0" coveredconditionals="0" methods="1" coveredmethods="1"/>
      <line num="3" count="4" type="stmt"/>
      <line num="4" count="4" type="stmt"/>
      <line num="5" count="3" type="stmt"/>
      <line num="8" count="1" type="stmt"/>
    </file>
  </project>
</coverage>
