{"/Users/caillouleigh-smith/Desktop/apis/mitzvot/util/hebrewToEnglishFunction.js": {"path":"/Users/caillouleigh-smith/Desktop/apis/mitzvot/util/hebrewToEnglishFunction.js","statementMap":{"0":{"start":{"line":1,"column":18},"end":{"line":1,"column":45}},"1":{"start":{"line":2,"column":0},"end":{"line":2,"column":28}},"2":{"start":{"line":5,"column":26},"end":{"line":11,"column":1}},"3":{"start":{"line":7,"column":4},"end":{"line":9,"column":5}},"4":{"start":{"line":8,"column":8},"end":{"line":8,"column":62}},"5":{"start":{"line":10,"column":4},"end":{"line":10,"column":16}},"6":{"start":{"line":13,"column":0},"end":{"line":15,"column":2}}},"fnMap":{"0":{"name":"(anonymous_0)","decl":{"start":{"line":5,"column":26},"end":{"line":5,"column":27}},"loc":{"start":{"line":5,"column":52},"end":{"line":11,"column":1}},"line":5}},"branchMap":{"0":{"loc":{"start":{"line":7,"column":4},"end":{"line":9,"column":5}},"type":"if","locations":[{"start":{"line":7,"column":4},"end":{"line":9,"column":5}},{"start":{},"end":{}}],"line":7},"1":{"loc":{"start":{"line":7,"column":8},"end":{"line":7,"column":18}},"type":"binary-expr","locations":[{"start":{"line":7,"column":8},"end":{"line":7,"column":12}},{"start":{"line":7,"column":16},"end":{"line":7,"column":18}}],"line":7}},"s":{"0":1,"1":1,"2":1,"3":2,"4":1,"5":1,"6":1},"f":{"0":2},"b":{"0":[1,1],"1":[2,1]},"_coverageSchema":"1a1c01bbd47fc00a2c39e90264f33305004495a9","hash":"d0ef33023fb5b4f04180405f08f2b70d70c77d2f"}
,"/Users/caillouleigh-smith/Desktop/apis/mitzvot/util/tanakhUtilFunction.js": {"path":"/Users/caillouleigh-smith/Desktop/apis/mitzvot/util/tanakhUtilFunction.js","statementMap":{"0":{"start":{"line":1,"column":11},"end":{"line":1,"column":24}},"1":{"start":{"line":4,"column":13},"end":{"line":4,"column":63}},"2":{"start":{"line":8,"column":2},"end":{"line":8,"column":55}},"3":{"start":{"line":13,"column":16},"end":{"line":13,"column":33}},"4":{"start":{"line":14,"column":21},"end":{"line":14,"column":57}},"5":{"start":{"line":15,"column":2},"end":{"line":15,"column":20}},"6":{"start":{"line":20,"column":19},"end":{"line":20,"column":29}},"7":{"start":{"line":21,"column":24},"end":{"line":21,"column":66}},"8":{"start":{"line":22,"column":2},"end":{"line":22,"column":23}},"9":{"start":{"line":27,"column":21},"end":{"line":27,"column":61}},"10":{"start":{"line":28,"column":2},"end":{"line":28,"column":20}},"11":{"start":{"line":33,"column":15},"end":{"line":33,"column":30}},"12":{"start":{"line":34,"column":18},"end":{"line":34,"column":40}},"13":{"start":{"line":35,"column":15},"end":{"line":35,"column":37}},"14":{"start":{"line":36,"column":21},"end":{"line":36,"column":75}},"15":{"start":{"line":36,"column":38},"end":{"line":36,"column":64}},"16":{"start":{"line":37,"column":2},"end":{"line":40,"column":4}},"17":{"start":{"line":44,"column":0},"end":{"line":46,"column":2}}},"fnMap":{"0":{"name":"getRandomInt","decl":{"start":{"line":7,"column":9},"end":{"line":7,"column":21}},"loc":{"start":{"line":7,"column":32},"end":{"line":9,"column":1}},"line":7},"1":{"name":"getRandomBook","decl":{"start":{"line":12,"column":9},"end":{"line":12,"column":22}},"loc":{"start":{"line":12,"column":25},"end":{"line":16,"column":1}},"line":12},"2":{"name":"getRandomChapter","decl":{"start":{"line":19,"column":9},"end":{"line":19,"column":25}},"loc":{"start":{"line":19,"column":32},"end":{"line":23,"column":1}},"line":19},"3":{"name":"getRandomLine","decl":{"start":{"line":26,"column":9},"end":{"line":26,"column":22}},"loc":{"start":{"line":26,"column":32},"end":{"line":29,"column":1}},"line":26},"4":{"name":"getRandomSection","decl":{"start":{"line":32,"column":9},"end":{"line":32,"column":25}},"loc":{"start":{"line":32,"column":28},"end":{"line":41,"column":1}},"line":32},"5":{"name":"(anonymous_5)","decl":{"start":{"line":36,"column":30},"end":{"line":36,"column":31}},"loc":{"start":{"line":36,"column":38},"end":{"line":36,"column":64}},"line":36}},"branchMap":{},"s":{"0":1,"1":1,"2":3,"3":1,"4":1,"5":1,"6":1,"7":1,"8":1,"9":1,"10":1,"11":1,"12":1,"13":1,"14":1,"15":12,"16":1,"17":1},"f":{"0":3,"1":1,"2":1,"3":1,"4":1,"5":12},"b":{},"_coverageSchema":"1a1c01bbd47fc00a2c39e90264f33305004495a9","hash":"02154a9e554d64736cc1624eeb2344be56589f17"}
,"/Users/caillouleigh-smith/Desktop/apis/mitzvot/util/trimMarkdownFunction.js": {"path":"/Users/caillouleigh-smith/Desktop/apis/mitzvot/util/trimMarkdownFunction.js","statementMap":{"0":{"start":{"line":3,"column":23},"end":{"line":3,"column":65}},"1":{"start":{"line":4,"column":17},"end":{"line":4,"column":39}},"2":{"start":{"line":5,"column":4},"end":{"line":5,"column":15}},"3":{"start":{"line":8,"column":0},"end":{"line":10,"column":2}}},"fnMap":{"0":{"name":"trimMarkdown","decl":{"start":{"line":1,"column":9},"end":{"line":1,"column":21}},"loc":{"start":{"line":1,"column":31},"end":{"line":6,"column":1}},"line":1}},"branchMap":{},"s":{"0":4,"1":4,"2":3,"3":1},"f":{"0":4},"b":{},"_coverageSchema":"1a1c01bbd47fc00a2c39e90264f33305004495a9","hash":"b6ba5a6895b4812e8a80c2701ea6ce924ce719df"}
}
