TN:
SF:aiFunction.js
FN:12,(anonymous_0)
FN:23,(anonymous_1)
FN:26,(anonymous_2)
FN:38,(anonymous_3)
FNF:4
FNH:4
FNDA:1,(anonymous_0)
FNDA:1,(anonymous_1)
FNDA:1,(anonymous_2)
FNDA:1,(anonymous_3)
DA:1,1
DA:3,1
DA:6,1
DA:8,1
DA:9,1
DA:10,1
DA:12,1
DA:14,1
DA:15,1
DA:16,1
DA:17,1
DA:19,0
DA:23,1
DA:26,1
DA:28,1
DA:29,1
DA:30,1
DA:31,1
DA:33,0
DA:34,0
DA:38,1
DA:40,1
DA:41,1
DA:42,1
DA:43,1
DA:45,0
DA:49,1
LF:27
LH:23
BRF:0
BRH:0
end_of_record
TN:
SF:app.js
FN:16,(anonymous_0)
FN:20,(anonymous_1)
FN:32,(anonymous_2)
FN:38,(anonymous_3)
FN:45,(anonymous_4)
FN:49,(anonymous_5)
FN:51,(anonymous_6)
FN:60,(anonymous_7)
FN:66,(anonymous_8)
FN:70,(anonymous_9)
FN:78,(anonymous_10)
FN:89,(anonymous_11)
FN:100,(anonymous_12)
FNF:13
FNH:13
FNDA:1,(anonymous_0)
FNDA:2,(anonymous_1)
FNDA:3,(anonymous_2)
FNDA:1224,(anonymous_3)
FNDA:1,(anonymous_4)
FNDA:1,(anonymous_5)
FNDA:1,(anonymous_6)
FNDA:2,(anonymous_7)
FNDA:612,(anonymous_8)
FNDA:1,(anonymous_9)
FNDA:2,(anonymous_10)
FNDA:2,(anonymous_11)
FNDA:1,(anonymous_12)
DA:1,1
DA:2,1
DA:3,1
DA:4,1
DA:6,1
DA:7,1
DA:8,1
DA:10,1
DA:12,1
DA:14,1
DA:16,1
DA:17,1
DA:20,1
DA:22,2
DA:23,2
DA:24,1
DA:27,1
DA:29,1
DA:32,1
DA:33,3
DA:34,3
DA:35,1
DA:38,1224
DA:39,2
DA:40,1
DA:42,1
DA:45,1
DA:46,1
DA:49,1
DA:50,1
DA:51,1
DA:52,1
DA:60,1
DA:61,2
DA:62,2
DA:63,1
DA:66,612
DA:67,1
DA:70,1
DA:71,1
DA:72,1
DA:76,1
DA:78,1
DA:80,2
DA:81,2
DA:82,1
DA:84,1
DA:86,1
DA:89,1
DA:90,2
DA:91,2
DA:92,1
DA:94,1
DA:97,1
DA:100,1
DA:101,1
DA:104,1
LF:57
LH:57
BRDA:4,0,0,1
BRDA:4,0,1,1
BRDA:23,1,0,1
BRDA:23,1,1,1
BRDA:34,2,0,1
BRDA:34,2,1,2
BRDA:39,3,0,1
BRDA:39,3,1,1
BRDA:62,4,0,1
BRDA:62,4,1,1
BRDA:81,5,0,1
BRDA:81,5,1,1
BRDA:91,6,0,1
BRDA:91,6,1,1
BRDA:91,7,0,2
BRDA:91,7,1,1
BRF:16
BRH:16
end_of_record
TN:
SF:util/hebrewToEnglishFunction.js
FN:5,(anonymous_0)
FNF:1
FNH:1
FNDA:3,(anonymous_0)
DA:1,2
DA:2,2
DA:5,2
DA:7,3
DA:8,2
DA:10,1
DA:13,2
LF:7
LH:7
BRDA:7,0,0,2
BRDA:7,0,1,1
BRDA:7,1,0,3
BRDA:7,1,1,2
BRF:4
BRH:4
end_of_record
TN:
SF:util/tanakhUtilFunction.js
FN:7,getRandomInt
FN:12,getRandomBook
FN:19,getRandomChapter
FN:26,getRandomLine
FN:32,getRandomSection
FN:36,(anonymous_5)
FNF:6
FNH:6
FNDA:9,getRandomInt
FNDA:3,getRandomBook
FNDA:3,getRandomChapter
FNDA:3,getRandomLine
FNDA:3,getRandomSection
FNDA:21,(anonymous_5)
DA:1,2
DA:4,2
DA:8,9
DA:13,3
DA:14,3
DA:15,3
DA:20,3
DA:21,3
DA:22,3
DA:27,3
DA:28,3
DA:33,3
DA:34,3
DA:35,3
DA:36,21
DA:37,3
DA:44,2
LF:17
LH:17
BRF:0
BRH:0
end_of_record
TN:
SF:util/trimMarkdownFunction.js
FN:1,trimMarkdown
FNF:1
FNH:1
FNDA:6,trimMarkdown
DA:3,6
DA:4,6
DA:5,5
DA:8,2
LF:4
LH:4
BRF:0
BRH:0
end_of_record
