TN:
SF:util/hebrewToEnglishFunction.js
FN:5,(anonymous_0)
FNF:1
FNH:1
FNDA:2,(anonymous_0)
DA:1,1
DA:2,1
DA:5,1
DA:7,2
DA:8,1
DA:10,1
DA:13,1
LF:7
LH:7
BRDA:7,0,0,1
BRDA:7,0,1,1
BRDA:7,1,0,2
BRDA:7,1,1,1
BRF:4
BRH:4
end_of_record
TN:
SF:util/tanakhUtilFunction.js
FN:7,getRandomInt
FN:12,getRandomBook
FN:19,getRandomChapter
FN:26,getRandomLine
FN:32,getRandomSection
FN:36,(anonymous_5)
FNF:6
FNH:6
FNDA:3,getRandomInt
FNDA:1,getRandomBook
FNDA:1,getRandomChapter
FNDA:1,getRandomLine
FNDA:1,getRandomSection
FNDA:12,(anonymous_5)
DA:1,1
DA:4,1
DA:8,3
DA:13,1
DA:14,1
DA:15,1
DA:20,1
DA:21,1
DA:22,1
DA:27,1
DA:28,1
DA:33,1
DA:34,1
DA:35,1
DA:36,12
DA:37,1
DA:44,1
LF:17
LH:17
BRF:0
BRH:0
end_of_record
TN:
SF:util/trimMarkdownFunction.js
FN:1,trimMarkdown
FNF:1
FNH:1
FNDA:4,trimMarkdown
DA:3,4
DA:4,4
DA:5,3
DA:8,1
LF:4
LH:4
BRF:0
BRH:0
end_of_record
